INFO   [20:29:01.021] [main] o.e.j.u.log -  Logging initialized @1540ms to org.eclipse.jetty.util.log.Slf4jLog 
INFO   [20:29:01.084] [main] i.d.s.DefaultServerFactory -  Registering jersey handler with root path prefix: / 
INFO   [20:29:01.085] [main] i.d.s.DefaultServerFactory -  Registering admin handler with root path prefix: / 
INFO   [20:29:01.088] [main] i.d.s.DefaultServerFactory -  Registering jersey handler with root path prefix: / 
INFO   [20:29:01.088] [main] i.d.s.DefaultServerFactory -  Registering admin handler with root path prefix: / 
INFO   [20:29:01.089] [main] i.d.s.ServerFactory -  Starting hello-world 
INFO   [20:29:01.205] [main] o.e.j.s.SetUIDListener -  Opened application@3a26ec8d{HTTP/1.1,[http/1.1]}{0.0.0.0:8082} 
INFO   [20:29:01.205] [main] o.e.j.s.SetUIDListener -  Opened admin@17143b3b{HTTP/1.1,[http/1.1]}{0.0.0.0:8083} 
INFO   [20:29:01.207] [main] o.e.j.s.Server -  jetty-9.4.6.v20170531 
INFO   [20:29:01.674] [main] i.d.j.DropwizardResourceConfig -  The following paths were found for the configured resources:

    GET     /jobs/cron (com.web.web.SearchResource)
    POST    /jobs/search (com.web.web.SearchResource)
    POST    /jobs/search/smart (com.web.web.SearchResource)
    GET     /jobs/search/{keyword}/{location} (com.web.web.SearchResource)
 
INFO   [20:29:01.675] [main] o.e.j.s.h.ContextHandler -  Started i.d.j.MutableServletContextHandler@7e8279e5{/,null,AVAILABLE} 
INFO   [20:29:01.686] [main] i.d.s.AdminEnvironment -  tasks = 

    POST    /tasks/log-level (io.dropwizard.servlets.tasks.LogConfigurationTask)
    POST    /tasks/gc (io.dropwizard.servlets.tasks.GarbageCollectionTask)
 
INFO   [20:29:01.692] [main] o.e.j.s.h.ContextHandler -  Started i.d.j.MutableServletContextHandler@422ad5e2{/,null,AVAILABLE} 
INFO   [20:29:01.774] [main] o.e.j.s.AbstractConnector -  Started application@3a26ec8d{HTTP/1.1,[http/1.1]}{0.0.0.0:8082} 
INFO   [20:29:01.775] [main] o.e.j.s.AbstractConnector -  Started admin@17143b3b{HTTP/1.1,[http/1.1]}{0.0.0.0:8083} 
INFO   [20:29:01.775] [main] o.e.j.s.Server -  Started @2295ms 
ERROR  [20:29:29.096] [dw-20 - GET /jobs/search/test/london] i.d.j.e.LoggingExceptionMapper -  Error handling a request: b74a92e3dbd94b76 
java.lang.NullPointerException: null
	at com.web.database.MySQL.MySQL.prepare(MySQL.java:72)
	at com.web.database.MySQL.MySQL.select(MySQL.java:26)
	at com.web.search.Search.checkKeywordExists(Search.java:218)
	at com.web.search.Search.searchJobs(Search.java:99)
	at com.web.web.SearchResource.search(SearchResource.java:61)
	at com.web.web.SearchResource.searchGet(SearchResource.java:47)
	at sun.reflect.NativeMethodAccessorImpl.invoke0(Native Method)
	at sun.reflect.NativeMethodAccessorImpl.invoke(NativeMethodAccessorImpl.java:62)
	at sun.reflect.DelegatingMethodAccessorImpl.invoke(DelegatingMethodAccessorImpl.java:43)
	at java.lang.reflect.Method.invoke(Method.java:498)
	at org.glassfish.jersey.server.model.internal.ResourceMethodInvocationHandlerFactory$1.invoke(ResourceMethodInvocationHandlerFactory.java:81)
	at org.glassfish.jersey.server.model.internal.AbstractJavaResourceMethodDispatcher$1.run(AbstractJavaResourceMethodDispatcher.java:144)
	at org.glassfish.jersey.server.model.internal.AbstractJavaResourceMethodDispatcher.invoke(AbstractJavaResourceMethodDispatcher.java:161)
	at org.glassfish.jersey.server.model.internal.JavaResourceMethodDispatcherProvider$TypeOutInvoker.doDispatch(JavaResourceMethodDispatcherProvider.java:205)
	at org.glassfish.jersey.server.model.internal.AbstractJavaResourceMethodDispatcher.dispatch(AbstractJavaResourceMethodDispatcher.java:99)
	at org.glassfish.jersey.server.model.ResourceMethodInvoker.invoke(ResourceMethodInvoker.java:389)
	at org.glassfish.jersey.server.model.ResourceMethodInvoker.apply(ResourceMethodInvoker.java:347)
	at org.glassfish.jersey.server.model.ResourceMethodInvoker.apply(ResourceMethodInvoker.java:102)
	at org.glassfish.jersey.server.ServerRuntime$2.run(ServerRuntime.java:326)
	at org.glassfish.jersey.internal.Errors$1.call(Errors.java:271)
	at org.glassfish.jersey.internal.Errors$1.call(Errors.java:267)
	at org.glassfish.jersey.internal.Errors.process(Errors.java:315)
	at org.glassfish.jersey.internal.Errors.process(Errors.java:297)
	at org.glassfish.jersey.internal.Errors.process(Errors.java:267)
	at org.glassfish.jersey.process.internal.RequestScope.runInScope(RequestScope.java:317)
	at org.glassfish.jersey.server.ServerRuntime.process(ServerRuntime.java:305)
	at org.glassfish.jersey.server.ApplicationHandler.handle(ApplicationHandler.java:1154)
	at org.glassfish.jersey.servlet.WebComponent.serviceImpl(WebComponent.java:473)
	at org.glassfish.jersey.servlet.WebComponent.service(WebComponent.java:427)
	at org.glassfish.jersey.servlet.ServletContainer.service(ServletContainer.java:388)
	at org.glassfish.jersey.servlet.ServletContainer.service(ServletContainer.java:341)
	at org.glassfish.jersey.servlet.ServletContainer.service(ServletContainer.java:228)
	at io.dropwizard.jetty.NonblockingServletHolder.handle(NonblockingServletHolder.java:49)
	at org.eclipse.jetty.servlet.ServletHandler$CachedChain.doFilter(ServletHandler.java:1650)
	at io.dropwizard.servlets.ThreadNameFilter.doFilter(ThreadNameFilter.java:34)
	at org.eclipse.jetty.servlet.ServletHandler$CachedChain.doFilter(ServletHandler.java:1637)
	at io.dropwizard.jersey.filter.AllowedMethodsFilter.handle(AllowedMethodsFilter.java:50)
	at io.dropwizard.jersey.filter.AllowedMethodsFilter.doFilter(AllowedMethodsFilter.java:44)
	at org.eclipse.jetty.servlet.ServletHandler$CachedChain.doFilter(ServletHandler.java:1637)
	at org.eclipse.jetty.servlet.ServletHandler.doHandle(ServletHandler.java:533)
	at org.eclipse.jetty.server.handler.ScopedHandler.nextHandle(ScopedHandler.java:188)
	at org.eclipse.jetty.server.handler.ContextHandler.doHandle(ContextHandler.java:1253)
	at org.eclipse.jetty.server.handler.ScopedHandler.nextScope(ScopedHandler.java:168)
	at org.eclipse.jetty.servlet.ServletHandler.doScope(ServletHandler.java:473)
	at org.eclipse.jetty.server.handler.ScopedHandler.nextScope(ScopedHandler.java:166)
	at org.eclipse.jetty.server.handler.ContextHandler.doScope(ContextHandler.java:1155)
	at org.eclipse.jetty.server.handler.ScopedHandler.handle(ScopedHandler.java:141)
	at org.eclipse.jetty.server.handler.HandlerWrapper.handle(HandlerWrapper.java:132)
	at com.codahale.metrics.jetty9.InstrumentedHandler.handle(InstrumentedHandler.java:241)
	at io.dropwizard.jetty.RoutingHandler.handle(RoutingHandler.java:52)
	at org.eclipse.jetty.server.handler.gzip.GzipHandler.handle(GzipHandler.java:521)
	at io.dropwizard.jetty.BiDiGzipHandler.handle(BiDiGzipHandler.java:68)
	at org.eclipse.jetty.server.handler.RequestLogHandler.handle(RequestLogHandler.java:56)
	at org.eclipse.jetty.server.handler.StatisticsHandler.handle(StatisticsHandler.java:169)
	at org.eclipse.jetty.server.handler.HandlerWrapper.handle(HandlerWrapper.java:132)
	at org.eclipse.jetty.server.Server.handle(Server.java:564)
	at org.eclipse.jetty.server.HttpChannel.handle(HttpChannel.java:317)
	at org.eclipse.jetty.server.HttpConnection.onFillable(HttpConnection.java:251)
	at org.eclipse.jetty.io.AbstractConnection$ReadCallback.succeeded(AbstractConnection.java:279)
	at org.eclipse.jetty.io.FillInterest.fillable(FillInterest.java:110)
	at org.eclipse.jetty.io.ChannelEndPoint$2.run(ChannelEndPoint.java:124)
	at org.eclipse.jetty.util.thread.Invocable.invokePreferred(Invocable.java:128)
	at org.eclipse.jetty.util.thread.Invocable$InvocableExecutor.invoke(Invocable.java:222)
	at org.eclipse.jetty.util.thread.strategy.EatWhatYouKill.doProduce(EatWhatYouKill.java:294)
	at org.eclipse.jetty.util.thread.strategy.EatWhatYouKill.run(EatWhatYouKill.java:199)
	at org.eclipse.jetty.util.thread.QueuedThreadPool.runJob(QueuedThreadPool.java:673)
	at org.eclipse.jetty.util.thread.QueuedThreadPool$2.run(QueuedThreadPool.java:591)
	at java.lang.Thread.run(Thread.java:748)
