[INFO  - 2017-08-01T20:14:53.863Z] GhostDriver - Main - running on port 30631
[INFO  - 2017-08-01T20:14:54.587Z] Session [15152870-76f6-11e7-a40a-975945080ef6] - page.settings - {"XSSAuditingEnabled":false,"javascriptCanCloseWindows":true,"javascriptCanOpenWindows":true,"javascriptEnabled":true,"loadImages":true,"localToRemoteUrlAccessEnabled":false,"userAgent":"Mozilla/5.0 (Windows NT 6.2; WOW64) AppleWebKit/538.1 (KHTML, like Gecko) PhantomJS/2.1.1 Safari/538.1","webSecurityEnabled":true}
[INFO  - 2017-08-01T20:14:54.587Z] Session [15152870-76f6-11e7-a40a-975945080ef6] - page.customHeaders:  - {}
[INFO  - 2017-08-01T20:14:54.594Z] Session [15152870-76f6-11e7-a40a-975945080ef6] - Session.negotiatedCapabilities - {"browserName":"phantomjs","version":"2.1.1","driverName":"ghostdriver","driverVersion":"1.2.0","platform":"windows-10-32bit","javascriptEnabled":true,"takesScreenshot":true,"handlesAlerts":false,"databaseEnabled":false,"locationContextEnabled":false,"applicationCacheEnabled":false,"browserConnectionEnabled":false,"cssSelectorsEnabled":true,"webStorageEnabled":false,"rotatable":false,"acceptSslCerts":false,"nativeEvents":true,"proxy":{"proxyType":"direct"}}
[INFO  - 2017-08-01T20:14:54.594Z] SessionManagerReqHand - _postNewSessionCommand - New Session Created: 15152870-76f6-11e7-a40a-975945080ef6
[INFO  - 2017-08-01T20:19:53.884Z] SessionManagerReqHand - _cleanupWindowlessSessions - Asynchronous Sessions clean-up phase starting NOW
[INFO  - 2017-08-01T20:24:53.888Z] SessionManagerReqHand - _cleanupWindowlessSessions - Asynchronous Sessions clean-up phase starting NOW
[INFO  - 2017-08-01T20:28:28.308Z] GhostDriver - Main - running on port 13580
[INFO  - 2017-08-01T20:28:28.703Z] Session [fa5566b0-76f7-11e7-9951-490ca926b34c] - page.settings - {"XSSAuditingEnabled":false,"javascriptCanCloseWindows":true,"javascriptCanOpenWindows":true,"javascriptEnabled":true,"loadImages":true,"localToRemoteUrlAccessEnabled":false,"userAgent":"Mozilla/5.0 (Windows NT 6.2; WOW64) AppleWebKit/538.1 (KHTML, like Gecko) PhantomJS/2.1.1 Safari/538.1","webSecurityEnabled":true}
[INFO  - 2017-08-01T20:28:28.703Z] Session [fa5566b0-76f7-11e7-9951-490ca926b34c] - page.customHeaders:  - {}
[INFO  - 2017-08-01T20:28:28.703Z] Session [fa5566b0-76f7-11e7-9951-490ca926b34c] - Session.negotiatedCapabilities - {"browserName":"phantomjs","version":"2.1.1","driverName":"ghostdriver","driverVersion":"1.2.0","platform":"windows-10-32bit","javascriptEnabled":true,"takesScreenshot":true,"handlesAlerts":false,"databaseEnabled":false,"locationContextEnabled":false,"applicationCacheEnabled":false,"browserConnectionEnabled":false,"cssSelectorsEnabled":true,"webStorageEnabled":false,"rotatable":false,"acceptSslCerts":false,"nativeEvents":true,"proxy":{"proxyType":"direct"}}
[INFO  - 2017-08-01T20:28:28.704Z] SessionManagerReqHand - _postNewSessionCommand - New Session Created: fa5566b0-76f7-11e7-9951-490ca926b34c
[INFO  - 2017-08-01T20:30:38.417Z] GhostDriver - Main - running on port 44317
[INFO  - 2017-08-01T20:30:38.809Z] Session [47e22760-76f8-11e7-9ab4-d9d143ba36da] - page.settings - {"XSSAuditingEnabled":false,"javascriptCanCloseWindows":true,"javascriptCanOpenWindows":true,"javascriptEnabled":true,"loadImages":true,"localToRemoteUrlAccessEnabled":false,"userAgent":"Mozilla/5.0 (Windows NT 6.2; WOW64) AppleWebKit/538.1 (KHTML, like Gecko) PhantomJS/2.1.1 Safari/538.1","webSecurityEnabled":true}
[INFO  - 2017-08-01T20:30:38.809Z] Session [47e22760-76f8-11e7-9ab4-d9d143ba36da] - page.customHeaders:  - {}
[INFO  - 2017-08-01T20:30:38.810Z] Session [47e22760-76f8-11e7-9ab4-d9d143ba36da] - Session.negotiatedCapabilities - {"browserName":"phantomjs","version":"2.1.1","driverName":"ghostdriver","driverVersion":"1.2.0","platform":"windows-10-32bit","javascriptEnabled":true,"takesScreenshot":true,"handlesAlerts":false,"databaseEnabled":false,"locationContextEnabled":false,"applicationCacheEnabled":false,"browserConnectionEnabled":false,"cssSelectorsEnabled":true,"webStorageEnabled":false,"rotatable":false,"acceptSslCerts":false,"nativeEvents":true,"proxy":{"proxyType":"direct"}}
[INFO  - 2017-08-01T20:30:38.810Z] SessionManagerReqHand - _postNewSessionCommand - New Session Created: 47e22760-76f8-11e7-9ab4-d9d143ba36da
[INFO  - 2017-08-02T19:45:30.439Z] GhostDriver - Main - running on port 44615
[INFO  - 2017-08-02T19:45:30.775Z] Session [242e8e30-77bb-11e7-867d-c7cb16a65d04] - page.settings - {"XSSAuditingEnabled":false,"javascriptCanCloseWindows":true,"javascriptCanOpenWindows":true,"javascriptEnabled":true,"loadImages":true,"localToRemoteUrlAccessEnabled":false,"userAgent":"Mozilla/5.0 (Windows NT 6.2; WOW64) AppleWebKit/538.1 (KHTML, like Gecko) PhantomJS/2.1.1 Safari/538.1","webSecurityEnabled":true}
[INFO  - 2017-08-02T19:45:30.776Z] Session [242e8e30-77bb-11e7-867d-c7cb16a65d04] - page.customHeaders:  - {}
[INFO  - 2017-08-02T19:45:30.776Z] Session [242e8e30-77bb-11e7-867d-c7cb16a65d04] - Session.negotiatedCapabilities - {"browserName":"phantomjs","version":"2.1.1","driverName":"ghostdriver","driverVersion":"1.2.0","platform":"windows-10-32bit","javascriptEnabled":true,"takesScreenshot":true,"handlesAlerts":false,"databaseEnabled":false,"locationContextEnabled":false,"applicationCacheEnabled":false,"browserConnectionEnabled":false,"cssSelectorsEnabled":true,"webStorageEnabled":false,"rotatable":false,"acceptSslCerts":false,"nativeEvents":true,"proxy":{"proxyType":"direct"}}
[INFO  - 2017-08-02T19:45:30.776Z] SessionManagerReqHand - _postNewSessionCommand - New Session Created: 242e8e30-77bb-11e7-867d-c7cb16a65d04
[INFO  - 2017-08-02T19:47:31.751Z] GhostDriver - Main - running on port 6116
[INFO  - 2017-08-02T19:47:32.595Z] Session [6ccacff0-77bb-11e7-8b29-d390d0eea081] - page.settings - {"XSSAuditingEnabled":false,"javascriptCanCloseWindows":true,"javascriptCanOpenWindows":true,"javascriptEnabled":true,"loadImages":true,"localToRemoteUrlAccessEnabled":false,"userAgent":"Mozilla/5.0 (Windows NT 6.2; WOW64) AppleWebKit/538.1 (KHTML, like Gecko) PhantomJS/2.1.1 Safari/538.1","webSecurityEnabled":true}
[INFO  - 2017-08-02T19:47:32.595Z] Session [6ccacff0-77bb-11e7-8b29-d390d0eea081] - page.customHeaders:  - {}
[INFO  - 2017-08-02T19:47:32.595Z] Session [6ccacff0-77bb-11e7-8b29-d390d0eea081] - Session.negotiatedCapabilities - {"browserName":"phantomjs","version":"2.1.1","driverName":"ghostdriver","driverVersion":"1.2.0","platform":"windows-10-32bit","javascriptEnabled":true,"takesScreenshot":true,"handlesAlerts":false,"databaseEnabled":false,"locationContextEnabled":false,"applicationCacheEnabled":false,"browserConnectionEnabled":false,"cssSelectorsEnabled":true,"webStorageEnabled":false,"rotatable":false,"acceptSslCerts":false,"nativeEvents":true,"proxy":{"proxyType":"direct"}}
[INFO  - 2017-08-02T19:47:32.596Z] SessionManagerReqHand - _postNewSessionCommand - New Session Created: 6ccacff0-77bb-11e7-8b29-d390d0eea081
[INFO  - 2017-08-02T19:50:35.101Z] GhostDriver - Main - running on port 35310
[INFO  - 2017-08-02T19:50:35.412Z] Session [d9c251f0-77bb-11e7-9ac8-617c67561a46] - page.settings - {"XSSAuditingEnabled":false,"javascriptCanCloseWindows":true,"javascriptCanOpenWindows":true,"javascriptEnabled":true,"loadImages":true,"localToRemoteUrlAccessEnabled":false,"userAgent":"Mozilla/5.0 (Windows NT 6.2; WOW64) AppleWebKit/538.1 (KHTML, like Gecko) PhantomJS/2.1.1 Safari/538.1","webSecurityEnabled":true}
[INFO  - 2017-08-02T19:50:35.412Z] Session [d9c251f0-77bb-11e7-9ac8-617c67561a46] - page.customHeaders:  - {}
[INFO  - 2017-08-02T19:50:35.412Z] Session [d9c251f0-77bb-11e7-9ac8-617c67561a46] - Session.negotiatedCapabilities - {"browserName":"phantomjs","version":"2.1.1","driverName":"ghostdriver","driverVersion":"1.2.0","platform":"windows-10-32bit","javascriptEnabled":true,"takesScreenshot":true,"handlesAlerts":false,"databaseEnabled":false,"locationContextEnabled":false,"applicationCacheEnabled":false,"browserConnectionEnabled":false,"cssSelectorsEnabled":true,"webStorageEnabled":false,"rotatable":false,"acceptSslCerts":false,"nativeEvents":true,"proxy":{"proxyType":"direct"}}
[INFO  - 2017-08-02T19:50:35.412Z] SessionManagerReqHand - _postNewSessionCommand - New Session Created: d9c251f0-77bb-11e7-9ac8-617c67561a46
[INFO  - 2017-08-02T19:52:09.015Z] GhostDriver - Main - running on port 14246
[INFO  - 2017-08-02T19:52:09.369Z] Session [11c32c50-77bc-11e7-9829-bb134399e970] - page.settings - {"XSSAuditingEnabled":false,"javascriptCanCloseWindows":true,"javascriptCanOpenWindows":true,"javascriptEnabled":true,"loadImages":true,"localToRemoteUrlAccessEnabled":false,"userAgent":"Mozilla/5.0 (Windows NT 6.2; WOW64) AppleWebKit/538.1 (KHTML, like Gecko) PhantomJS/2.1.1 Safari/538.1","webSecurityEnabled":true}
[INFO  - 2017-08-02T19:52:09.369Z] Session [11c32c50-77bc-11e7-9829-bb134399e970] - page.customHeaders:  - {}
[INFO  - 2017-08-02T19:52:09.369Z] Session [11c32c50-77bc-11e7-9829-bb134399e970] - Session.negotiatedCapabilities - {"browserName":"phantomjs","version":"2.1.1","driverName":"ghostdriver","driverVersion":"1.2.0","platform":"windows-10-32bit","javascriptEnabled":true,"takesScreenshot":true,"handlesAlerts":false,"databaseEnabled":false,"locationContextEnabled":false,"applicationCacheEnabled":false,"browserConnectionEnabled":false,"cssSelectorsEnabled":true,"webStorageEnabled":false,"rotatable":false,"acceptSslCerts":false,"nativeEvents":true,"proxy":{"proxyType":"direct"}}
[INFO  - 2017-08-02T19:52:09.369Z] SessionManagerReqHand - _postNewSessionCommand - New Session Created: 11c32c50-77bc-11e7-9829-bb134399e970
[INFO  - 2017-08-02T19:57:09.019Z] SessionManagerReqHand - _cleanupWindowlessSessions - Asynchronous Sessions clean-up phase starting NOW
[INFO  - 2017-08-02T19:57:52.954Z] GhostDriver - Main - running on port 12697
[INFO  - 2017-08-02T19:57:53.310Z] Session [dec467a0-77bc-11e7-8ded-39ddbbc0fded] - page.settings - {"XSSAuditingEnabled":false,"javascriptCanCloseWindows":true,"javascriptCanOpenWindows":true,"javascriptEnabled":true,"loadImages":true,"localToRemoteUrlAccessEnabled":false,"userAgent":"Mozilla/5.0 (Windows NT 6.2; WOW64) AppleWebKit/538.1 (KHTML, like Gecko) PhantomJS/2.1.1 Safari/538.1","webSecurityEnabled":true}
[INFO  - 2017-08-02T19:57:53.310Z] Session [dec467a0-77bc-11e7-8ded-39ddbbc0fded] - page.customHeaders:  - {}
[INFO  - 2017-08-02T19:57:53.310Z] Session [dec467a0-77bc-11e7-8ded-39ddbbc0fded] - Session.negotiatedCapabilities - {"browserName":"phantomjs","version":"2.1.1","driverName":"ghostdriver","driverVersion":"1.2.0","platform":"windows-10-32bit","javascriptEnabled":true,"takesScreenshot":true,"handlesAlerts":false,"databaseEnabled":false,"locationContextEnabled":false,"applicationCacheEnabled":false,"browserConnectionEnabled":false,"cssSelectorsEnabled":true,"webStorageEnabled":false,"rotatable":false,"acceptSslCerts":false,"nativeEvents":true,"proxy":{"proxyType":"direct"}}
[INFO  - 2017-08-02T19:57:53.310Z] SessionManagerReqHand - _postNewSessionCommand - New Session Created: dec467a0-77bc-11e7-8ded-39ddbbc0fded
[INFO  - 2017-08-02T19:59:06.813Z] GhostDriver - Main - running on port 48657
[INFO  - 2017-08-02T19:59:07.101Z] Session [0ac00490-77bd-11e7-ac66-b7f09e73cedf] - page.settings - {"XSSAuditingEnabled":false,"javascriptCanCloseWindows":true,"javascriptCanOpenWindows":true,"javascriptEnabled":true,"loadImages":true,"localToRemoteUrlAccessEnabled":false,"userAgent":"Mozilla/5.0 (Windows NT 6.2; WOW64) AppleWebKit/538.1 (KHTML, like Gecko) PhantomJS/2.1.1 Safari/538.1","webSecurityEnabled":true}
[INFO  - 2017-08-02T19:59:07.101Z] Session [0ac00490-77bd-11e7-ac66-b7f09e73cedf] - page.customHeaders:  - {}
[INFO  - 2017-08-02T19:59:07.101Z] Session [0ac00490-77bd-11e7-ac66-b7f09e73cedf] - Session.negotiatedCapabilities - {"browserName":"phantomjs","version":"2.1.1","driverName":"ghostdriver","driverVersion":"1.2.0","platform":"windows-10-32bit","javascriptEnabled":true,"takesScreenshot":true,"handlesAlerts":false,"databaseEnabled":false,"locationContextEnabled":false,"applicationCacheEnabled":false,"browserConnectionEnabled":false,"cssSelectorsEnabled":true,"webStorageEnabled":false,"rotatable":false,"acceptSslCerts":false,"nativeEvents":true,"proxy":{"proxyType":"direct"}}
[INFO  - 2017-08-02T19:59:07.102Z] SessionManagerReqHand - _postNewSessionCommand - New Session Created: 0ac00490-77bd-11e7-ac66-b7f09e73cedf
[INFO  - 2017-08-02T20:00:51.363Z] GhostDriver - Main - running on port 44745
[INFO  - 2017-08-02T20:00:51.734Z] Session [491dbf20-77bd-11e7-90ee-1bba5aebd228] - page.settings - {"XSSAuditingEnabled":false,"javascriptCanCloseWindows":true,"javascriptCanOpenWindows":true,"javascriptEnabled":true,"loadImages":true,"localToRemoteUrlAccessEnabled":false,"userAgent":"Mozilla/5.0 (Windows NT 6.2; WOW64) AppleWebKit/538.1 (KHTML, like Gecko) PhantomJS/2.1.1 Safari/538.1","webSecurityEnabled":true}
[INFO  - 2017-08-02T20:00:51.734Z] Session [491dbf20-77bd-11e7-90ee-1bba5aebd228] - page.customHeaders:  - {}
[INFO  - 2017-08-02T20:00:51.734Z] Session [491dbf20-77bd-11e7-90ee-1bba5aebd228] - Session.negotiatedCapabilities - {"browserName":"phantomjs","version":"2.1.1","driverName":"ghostdriver","driverVersion":"1.2.0","platform":"windows-10-32bit","javascriptEnabled":true,"takesScreenshot":true,"handlesAlerts":false,"databaseEnabled":false,"locationContextEnabled":false,"applicationCacheEnabled":false,"browserConnectionEnabled":false,"cssSelectorsEnabled":true,"webStorageEnabled":false,"rotatable":false,"acceptSslCerts":false,"nativeEvents":true,"proxy":{"proxyType":"direct"}}
[INFO  - 2017-08-02T20:00:51.735Z] SessionManagerReqHand - _postNewSessionCommand - New Session Created: 491dbf20-77bd-11e7-90ee-1bba5aebd228
[INFO  - 2017-08-02T20:02:45.803Z] GhostDriver - Main - running on port 12019
[INFO  - 2017-08-02T20:02:46.217Z] Session [8d5a7750-77bd-11e7-bdda-1f965356225b] - page.settings - {"XSSAuditingEnabled":false,"javascriptCanCloseWindows":true,"javascriptCanOpenWindows":true,"javascriptEnabled":true,"loadImages":true,"localToRemoteUrlAccessEnabled":false,"userAgent":"Mozilla/5.0 (Windows NT 6.2; WOW64) AppleWebKit/538.1 (KHTML, like Gecko) PhantomJS/2.1.1 Safari/538.1","webSecurityEnabled":true}
[INFO  - 2017-08-02T20:02:46.217Z] Session [8d5a7750-77bd-11e7-bdda-1f965356225b] - page.customHeaders:  - {}
[INFO  - 2017-08-02T20:02:46.217Z] Session [8d5a7750-77bd-11e7-bdda-1f965356225b] - Session.negotiatedCapabilities - {"browserName":"phantomjs","version":"2.1.1","driverName":"ghostdriver","driverVersion":"1.2.0","platform":"windows-10-32bit","javascriptEnabled":true,"takesScreenshot":true,"handlesAlerts":false,"databaseEnabled":false,"locationContextEnabled":false,"applicationCacheEnabled":false,"browserConnectionEnabled":false,"cssSelectorsEnabled":true,"webStorageEnabled":false,"rotatable":false,"acceptSslCerts":false,"nativeEvents":true,"proxy":{"proxyType":"direct"}}
[INFO  - 2017-08-02T20:02:46.217Z] SessionManagerReqHand - _postNewSessionCommand - New Session Created: 8d5a7750-77bd-11e7-bdda-1f965356225b
